This file contains any messages produced by compilers while
running configure, to aid debugging if configure makes a mistake.

It was created by configure, which was
generated by GNU Autoconf 2.71.  Invocation command line was

  $ ./configure

## --------- ##
## Platform. ##
## --------- ##

hostname = melvin-OptiPlex-3050
uname -m = x86_64
uname -r = 5.13.0-51-generic
uname -s = Linux
uname -v = #58~20.04.1-Ubuntu SMP Tue Jun 14 11:29:12 UTC 2022

/usr/bin/uname -p = x86_64
/bin/uname -X     = unknown

/bin/arch              = x86_64
/usr/bin/arch -k       = unknown
/usr/convex/getsysinfo = unknown
/usr/bin/hostinfo      = unknown
/bin/machine           = unknown
/usr/bin/oslevel       = unknown
/bin/universe          = unknown

PATH: /home/melvin/.local/bin/
PATH: /usr/local/sbin/
PATH: /usr/local/bin/
PATH: /usr/sbin/
PATH: /usr/bin/
PATH: /sbin/
PATH: /bin/
PATH: /usr/games/
PATH: /usr/local/games/
PATH: /snap/bin/


## ----------- ##
## Core tests. ##
## ----------- ##

configure:2703: looking for aux files: install-sh config.guess config.sub
configure:2716:  trying ./
configure:2727:   ./install-sh found
configure:2745:   ./config.guess found
configure:2745:   ./config.sub found
configure:2985: checking build system type
configure:3000: result: x86_64-pc-linux-gnu
configure:3020: checking host system type
configure:3034: result: x86_64-pc-linux-gnu
configure:3132: checking for gcc
configure:3153: found /usr/bin/gcc
configure:3164: result: gcc
configure:3517: checking for C compiler version
configure:3526: gcc --version >&5
gcc (Ubuntu 9.4.0-1ubuntu1~20.04.1) 9.4.0
Copyright (C) 2019 Free Software Foundation, Inc.
This is free software; see the source for copying conditions.  There is NO
warranty; not even for MERCHANTABILITY or FITNESS FOR A PARTICULAR PURPOSE.

configure:3537: $? = 0
configure:3526: gcc -v >&5
Using built-in specs.
COLLECT_GCC=gcc
COLLECT_LTO_WRAPPER=/usr/lib/gcc/x86_64-linux-gnu/9/lto-wrapper
OFFLOAD_TARGET_NAMES=nvptx-none:hsa
OFFLOAD_TARGET_DEFAULT=1
Target: x86_64-linux-gnu
Configured with: ../src/configure -v --with-pkgversion='Ubuntu 9.4.0-1ubuntu1~20.04.1' --with-bugurl=file:///usr/share/doc/gcc-9/README.Bugs --enable-languages=c,ada,c++,go,brig,d,fortran,objc,obj-c++,gm2 --prefix=/usr --with-gcc-major-version-only --program-suffix=-9 --program-prefix=x86_64-linux-gnu- --enable-shared --enable-linker-build-id --libexecdir=/usr/lib --without-included-gettext --enable-threads=posix --libdir=/usr/lib --enable-nls --enable-clocale=gnu --enable-libstdcxx-debug --enable-libstdcxx-time=yes --with-default-libstdcxx-abi=new --enable-gnu-unique-object --disable-vtable-verify --enable-plugin --enable-default-pie --with-system-zlib --with-target-system-zlib=auto --enable-objc-gc=auto --enable-multiarch --disable-werror --with-arch-32=i686 --with-abi=m64 --with-multilib-list=m32,m64,mx32 --enable-multilib --with-tune=generic --enable-offload-targets=nvptx-none=/build/gcc-9-Av3uEd/gcc-9-9.4.0/debian/tmp-nvptx/usr,hsa --without-cuda-driver --enable-checking=release --build=x86_64-linux-gnu --host=x86_64-linux-gnu --target=x86_64-linux-gnu
Thread model: posix
gcc version 9.4.0 (Ubuntu 9.4.0-1ubuntu1~20.04.1) 
configure:3537: $? = 0
configure:3526: gcc -V >&5
gcc: error: unrecognized command line option '-V'
gcc: fatal error: no input files
compilation terminated.
configure:3537: $? = 1
configure:3526: gcc -qversion >&5
gcc: error: unrecognized command line option '-qversion'; did you mean '--version'?
gcc: fatal error: no input files
compilation terminated.
configure:3537: $? = 1
configure:3526: gcc -version >&5
gcc: error: unrecognized command line option '-version'
gcc: fatal error: no input files
compilation terminated.
configure:3537: $? = 1
configure:3557: checking whether the C compiler works
configure:3579: gcc    conftest.c  >&5
configure:3583: $? = 0
configure:3633: result: yes
configure:3636: checking for C compiler default output file name
configure:3638: result: a.out
configure:3644: checking for suffix of executables
configure:3651: gcc -o conftest    conftest.c  >&5
configure:3655: $? = 0
configure:3678: result: 
configure:3700: checking whether we are cross compiling
configure:3708: gcc -o conftest    conftest.c  >&5
configure:3712: $? = 0
configure:3719: ./conftest
configure:3723: $? = 0
configure:3711: result: no
configure:3716: checking for suffix of object files
configure:3739: gcc -c   conftest.c >&5
configure:3743: $? = 0
configure:3765: result: o
configure:3769: checking whether the compiler supports GNU C
configure:3789: gcc -c   conftest.c >&5
configure:3789: $? = 0
configure:3799: result: yes
configure:3810: checking whether gcc accepts -g
configure:3831: gcc -c -g  conftest.c >&5
configure:3831: $? = 0
configure:3875: result: yes
configure:3895: checking for gcc option to enable C11 features
configure:3910: gcc  -c -g -O2  conftest.c >&5
configure:3910: $? = 0
configure:3928: result: none needed
configure:4049: checking for special C compiler options needed for large files
configure:4097: result: no
configure:4103: checking for _FILE_OFFSET_BITS value needed for large files
configure:4129: gcc -c   conftest.c >&5
configure:4129: $? = 0
configure:4163: result: no
configure:4322: checking if gcc supports -O4 -Werror flags
configure:4338: gcc -c -O4 -Werror  conftest.c >&5
configure:4338: $? = 0
configure:4346: result: yes
configure:4437: checking for sys/wait.h that is POSIX.1 compatible
configure:4464: gcc -c  -O4  conftest.c >&5
configure:4464: $? = 0
configure:4472: result: yes
configure:4484: checking for stdio.h
configure:4484: gcc -c  -O4  conftest.c >&5
configure:4484: $? = 0
configure:4484: result: yes
configure:4484: checking for stdlib.h
configure:4484: gcc -c  -O4  conftest.c >&5
configure:4484: $? = 0
configure:4484: result: yes
configure:4484: checking for string.h
configure:4484: gcc -c  -O4  conftest.c >&5
configure:4484: $? = 0
configure:4484: result: yes
configure:4484: checking for inttypes.h
configure:4484: gcc -c  -O4  conftest.c >&5
configure:4484: $? = 0
configure:4484: result: yes
configure:4484: checking for stdint.h
configure:4484: gcc -c  -O4  conftest.c >&5
configure:4484: $? = 0
configure:4484: result: yes
configure:4484: checking for strings.h
configure:4484: gcc -c  -O4  conftest.c >&5
configure:4484: $? = 0
configure:4484: result: yes
configure:4484: checking for sys/stat.h
configure:4484: gcc -c  -O4  conftest.c >&5
configure:4484: $? = 0
configure:4484: result: yes
configure:4484: checking for sys/types.h
configure:4484: gcc -c  -O4  conftest.c >&5
configure:4484: $? = 0
configure:4484: result: yes
configure:4484: checking for unistd.h
configure:4484: gcc -c  -O4  conftest.c >&5
configure:4484: $? = 0
configure:4484: result: yes
configure:4484: checking for vfork.h
configure:4484: gcc -c  -O4  conftest.c >&5
conftest.c:47:10: fatal error: vfork.h: No such file or directory
   47 | #include <vfork.h>
      |          ^~~~~~~~~
compilation terminated.
configure:4484: $? = 1
configure: failed program was:
| /* confdefs.h */
| #define PACKAGE_NAME ""
| #define PACKAGE_TARNAME ""
| #define PACKAGE_VERSION ""
| #define PACKAGE_STRING ""
| #define PACKAGE_BUGREPORT ""
| #define PACKAGE_URL ""
| #define HAVE_SYS_WAIT_H 1
| #define HAVE_STDIO_H 1
| #define HAVE_STDLIB_H 1
| #define HAVE_STRING_H 1
| #define HAVE_INTTYPES_H 1
| #define HAVE_STDINT_H 1
| #define HAVE_STRINGS_H 1
| #define HAVE_SYS_STAT_H 1
| #define HAVE_SYS_TYPES_H 1
| #define HAVE_UNISTD_H 1
| /* end confdefs.h.  */
| #include <stddef.h>
| #ifdef HAVE_STDIO_H
| # include <stdio.h>
| #endif
| #ifdef HAVE_STDLIB_H
| # include <stdlib.h>
| #endif
| #ifdef HAVE_STRING_H
| # include <string.h>
| #endif
| #ifdef HAVE_INTTYPES_H
| # include <inttypes.h>
| #endif
| #ifdef HAVE_STDINT_H
| # include <stdint.h>
| #endif
| #ifdef HAVE_STRINGS_H
| # include <strings.h>
| #endif
| #ifdef HAVE_SYS_TYPES_H
| # include <sys/types.h>
| #endif
| #ifdef HAVE_SYS_STAT_H
| # include <sys/stat.h>
| #endif
| #ifdef HAVE_UNISTD_H
| # include <unistd.h>
| #endif
| #include <vfork.h>
configure:4484: result: no
configure:4509: checking for signal.h
configure:4509: gcc -c  -O4  conftest.c >&5
configure:4509: $? = 0
configure:4509: result: yes
configure:4515: checking for stddef.h
configure:4515: gcc -c  -O4  conftest.c >&5
configure:4515: $? = 0
configure:4515: result: yes
configure:4521: checking for unistd.h
configure:4521: result: yes
configure:4527: checking for sys/types.h
configure:4527: result: yes
configure:4533: checking for sys/wait.h
configure:4533: result: yes
configure:4539: checking for stdlib.h
configure:4539: result: yes
configure:4545: checking for string.h
configure:4545: result: yes
configure:4551: checking for errno.h
configure:4551: gcc -c  -O4  conftest.c >&5
configure:4551: $? = 0
configure:4551: result: yes
configure:4557: checking for limits.h
configure:4557: gcc -c  -O4  conftest.c >&5
configure:4557: $? = 0
configure:4557: result: yes
configure:4563: checking for stdint.h
configure:4563: result: yes
configure:4632: checking for pid_t
configure:4632: gcc -c  -O4  conftest.c >&5
configure:4632: $? = 0
configure:4632: gcc -c  -O4  conftest.c >&5
conftest.c: In function 'main':
conftest.c:62:20: error: expected expression before ')' token
   62 | if (sizeof ((pid_t)))
      |                    ^
configure:4632: $? = 1
configure: failed program was:
| /* confdefs.h */
| #define PACKAGE_NAME ""
| #define PACKAGE_TARNAME ""
| #define PACKAGE_VERSION ""
| #define PACKAGE_STRING ""
| #define PACKAGE_BUGREPORT ""
| #define PACKAGE_URL ""
| #define HAVE_SYS_WAIT_H 1
| #define HAVE_STDIO_H 1
| #define HAVE_STDLIB_H 1
| #define HAVE_STRING_H 1
| #define HAVE_INTTYPES_H 1
| #define HAVE_STDINT_H 1
| #define HAVE_STRINGS_H 1
| #define HAVE_SYS_STAT_H 1
| #define HAVE_SYS_TYPES_H 1
| #define HAVE_UNISTD_H 1
| #define STDC_HEADERS 1
| #define HAVE_SIGNAL_H 1
| #define HAVE_STDDEF_H 1
| #define HAVE_UNISTD_H 1
| #define HAVE_SYS_TYPES_H 1
| #define HAVE_SYS_WAIT_H 1
| #define HAVE_STDLIB_H 1
| #define HAVE_STRING_H 1
| #define HAVE_ERRNO_H 1
| #define HAVE_LIMITS_H 1
| #define HAVE_STDINT_H 1
| /* end confdefs.h.  */
| #include <stddef.h>
| #ifdef HAVE_STDIO_H
| # include <stdio.h>
| #endif
| #ifdef HAVE_STDLIB_H
| # include <stdlib.h>
| #endif
| #ifdef HAVE_STRING_H
| # include <string.h>
| #endif
| #ifdef HAVE_INTTYPES_H
| # include <inttypes.h>
| #endif
| #ifdef HAVE_STDINT_H
| # include <stdint.h>
| #endif
| #ifdef HAVE_STRINGS_H
| # include <strings.h>
| #endif
| #ifdef HAVE_SYS_TYPES_H
| # include <sys/types.h>
| #endif
| #ifdef HAVE_SYS_STAT_H
| # include <sys/stat.h>
| #endif
| #ifdef HAVE_UNISTD_H
| # include <unistd.h>
| #endif
| 
| int
| main (void)
| {
| if (sizeof ((pid_t)))
| 	    return 0;
|   ;
|   return 0;
| }
configure:4632: result: yes
configure:4675: checking for gcc options needed to detect all undeclared functions
configure:4697: gcc -c  -O4   conftest.c >&5
conftest.c: In function 'main':
conftest.c:34:8: error: 'strchr' undeclared (first use in this function)
   34 | (void) strchr;
      |        ^~~~~~
conftest.c:1:1: note: 'strchr' is defined in header '<string.h>'; did you forget to '#include <string.h>'?
    1 | /* confdefs.h */
conftest.c:34:8: note: each undeclared identifier is reported only once for each function it appears in
   34 | (void) strchr;
      |        ^~~~~~
configure:4697: $? = 1
configure: failed program was:
| /* confdefs.h */
| #define PACKAGE_NAME ""
| #define PACKAGE_TARNAME ""
| #define PACKAGE_VERSION ""
| #define PACKAGE_STRING ""
| #define PACKAGE_BUGREPORT ""
| #define PACKAGE_URL ""
| #define HAVE_SYS_WAIT_H 1
| #define HAVE_STDIO_H 1
| #define HAVE_STDLIB_H 1
| #define HAVE_STRING_H 1
| #define HAVE_INTTYPES_H 1
| #define HAVE_STDINT_H 1
| #define HAVE_STRINGS_H 1
| #define HAVE_SYS_STAT_H 1
| #define HAVE_SYS_TYPES_H 1
| #define HAVE_UNISTD_H 1
| #define STDC_HEADERS 1
| #define HAVE_SIGNAL_H 1
| #define HAVE_STDDEF_H 1
| #define HAVE_UNISTD_H 1
| #define HAVE_SYS_TYPES_H 1
| #define HAVE_SYS_WAIT_H 1
| #define HAVE_STDLIB_H 1
| #define HAVE_STRING_H 1
| #define HAVE_ERRNO_H 1
| #define HAVE_LIMITS_H 1
| #define HAVE_STDINT_H 1
| /* end confdefs.h.  */
| 
| int
| main (void)
| {
| (void) strchr;
|   ;
|   return 0;
| }
configure:4724: gcc -c  -O4   conftest.c >&5
configure:4724: $? = 0
configure:4741: result: none needed
configure:4755: checking whether ftell is declared
configure:4755: gcc -c  -O4   conftest.c >&5
configure:4755: $? = 0
configure:4755: result: yes
configure:4764: checking whether popen is declared
configure:4764: gcc -c  -O4   conftest.c >&5
configure:4764: $? = 0
configure:4764: result: yes
configure:4773: checking whether fdopen is declared
configure:4773: gcc -c  -O4   conftest.c >&5
configure:4773: $? = 0
configure:4773: result: yes
configure:4782: checking whether putenv is declared
configure:4782: gcc -c  -O4   conftest.c >&5
configure:4782: $? = 0
configure:4782: result: yes
configure:4791: checking whether setenv is declared
configure:4791: gcc -c  -O4   conftest.c >&5
configure:4791: $? = 0
configure:4791: result: yes
configure:4800: checking whether malloc is declared
configure:4800: gcc -c  -O4   conftest.c >&5
configure:4800: $? = 0
configure:4800: result: yes
configure:4812: checking how to run the C preprocessor
configure:4838: gcc -E  conftest.c
configure:4838: $? = 0
configure:4853: gcc -E  conftest.c
conftest.c:30:10: fatal error: ac_nonexistent.h: No such file or directory
   30 | #include <ac_nonexistent.h>
      |          ^~~~~~~~~~~~~~~~~~
compilation terminated.
configure:4853: $? = 1
configure: failed program was:
| /* confdefs.h */
| #define PACKAGE_NAME ""
| #define PACKAGE_TARNAME ""
| #define PACKAGE_VERSION ""
| #define PACKAGE_STRING ""
| #define PACKAGE_BUGREPORT ""
| #define PACKAGE_URL ""
| #define HAVE_SYS_WAIT_H 1
| #define HAVE_STDIO_H 1
| #define HAVE_STDLIB_H 1
| #define HAVE_STRING_H 1
| #define HAVE_INTTYPES_H 1
| #define HAVE_STDINT_H 1
| #define HAVE_STRINGS_H 1
| #define HAVE_SYS_STAT_H 1
| #define HAVE_SYS_TYPES_H 1
| #define HAVE_UNISTD_H 1
| #define STDC_HEADERS 1
| #define HAVE_SIGNAL_H 1
| #define HAVE_STDDEF_H 1
| #define HAVE_UNISTD_H 1
| #define HAVE_SYS_TYPES_H 1
| #define HAVE_SYS_WAIT_H 1
| #define HAVE_STDLIB_H 1
| #define HAVE_STRING_H 1
| #define HAVE_ERRNO_H 1
| #define HAVE_LIMITS_H 1
| #define HAVE_STDINT_H 1
| /* end confdefs.h.  */
| #include <ac_nonexistent.h>
configure:4880: result: gcc -E
configure:4894: gcc -E  conftest.c
configure:4894: $? = 0
configure:4909: gcc -E  conftest.c
conftest.c:30:10: fatal error: ac_nonexistent.h: No such file or directory
   30 | #include <ac_nonexistent.h>
      |          ^~~~~~~~~~~~~~~~~~
compilation terminated.
configure:4909: $? = 1
configure: failed program was:
| /* confdefs.h */
| #define PACKAGE_NAME ""
| #define PACKAGE_TARNAME ""
| #define PACKAGE_VERSION ""
| #define PACKAGE_STRING ""
| #define PACKAGE_BUGREPORT ""
| #define PACKAGE_URL ""
| #define HAVE_SYS_WAIT_H 1
| #define HAVE_STDIO_H 1
| #define HAVE_STDLIB_H 1
| #define HAVE_STRING_H 1
| #define HAVE_INTTYPES_H 1
| #define HAVE_STDINT_H 1
| #define HAVE_STRINGS_H 1
| #define HAVE_SYS_STAT_H 1
| #define HAVE_SYS_TYPES_H 1
| #define HAVE_UNISTD_H 1
| #define STDC_HEADERS 1
| #define HAVE_SIGNAL_H 1
| #define HAVE_STDDEF_H 1
| #define HAVE_UNISTD_H 1
| #define HAVE_SYS_TYPES_H 1
| #define HAVE_SYS_WAIT_H 1
| #define HAVE_STDLIB_H 1
| #define HAVE_STRING_H 1
| #define HAVE_ERRNO_H 1
| #define HAVE_LIMITS_H 1
| #define HAVE_STDINT_H 1
| /* end confdefs.h.  */
| #include <ac_nonexistent.h>
configure:4940: checking for grep that handles long lines and -e
configure:5004: result: /usr/bin/grep
configure:5009: checking for egrep
configure:5077: result: /usr/bin/grep -E
configure:5101: checking if compiler accepts flexible array members
configure:5115: gcc -c  -O4  conftest.c >&5
configure:5115: $? = 0
configure:5123: result: 1
configure:5126: checking if INFINITY is declared in math.h
configure:5147: result: 1
configure:5154: checking size of int
configure:5160: gcc -o conftest  -O4   conftest.c  >&5
configure:5160: $? = 0
configure:5160: ./conftest
configure:5160: $? = 0
configure:5175: result: 4
configure:5188: checking size of long
configure:5194: gcc -o conftest  -O4   conftest.c  >&5
configure:5194: $? = 0
configure:5194: ./conftest
configure:5194: $? = 0
configure:5209: result: 8
configure:5222: checking size of long long
configure:5228: gcc -o conftest  -O4   conftest.c  >&5
configure:5228: $? = 0
configure:5228: ./conftest
configure:5228: $? = 0
configure:5243: result: 8
configure:5256: checking size of void*
configure:5262: gcc -o conftest  -O4   conftest.c  >&5
configure:5262: $? = 0
configure:5262: ./conftest
configure:5262: $? = 0
configure:5277: result: 8
configure:5290: checking size of __int128
configure:5296: gcc -o conftest  -O4   conftest.c  >&5
configure:5296: $? = 0
configure:5296: ./conftest
configure:5296: $? = 0
configure:5311: result: 16
configure:5324: checking size of __int128_t
configure:5330: gcc -o conftest  -O4   conftest.c  >&5
configure:5330: $? = 0
configure:5330: ./conftest
configure:5330: $? = 0
configure:5345: result: 16
configure:5372: checking for isatty
configure:5372: gcc -o conftest  -O4   conftest.c  >&5
configure:5372: $? = 0
configure:5372: result: yes
configure:5381: checking for time
configure:5381: gcc -o conftest  -O4   conftest.c  >&5
configure:5381: $? = 0
configure:5381: result: yes
configure:5390: checking for gettimeofday
configure:5390: gcc -o conftest  -O4   conftest.c  >&5
configure:5390: $? = 0
configure:5390: result: yes
configure:5399: checking for times
configure:5399: gcc -o conftest  -O4   conftest.c  >&5
configure:5399: $? = 0
configure:5399: result: yes
configure:5408: checking for getrusage
configure:5408: gcc -o conftest  -O4   conftest.c  >&5
configure:5408: $? = 0
configure:5408: result: yes
configure:5417: checking for perror
configure:5417: gcc -o conftest  -O4   conftest.c  >&5
configure:5417: $? = 0
configure:5417: result: yes
configure:5426: checking for pipe
configure:5426: gcc -o conftest  -O4   conftest.c  >&5
configure:5426: $? = 0
configure:5426: result: yes
configure:5435: checking for wait
configure:5435: gcc -o conftest  -O4   conftest.c  >&5
configure:5435: $? = 0
configure:5435: result: yes
configure:5444: checking for popen
configure:5444: gcc -o conftest  -O4   conftest.c  >&5
configure:5444: $? = 0
configure:5444: result: yes
configure:5453: checking for putenv
configure:5453: gcc -o conftest  -O4   conftest.c  >&5
configure:5453: $? = 0
configure:5453: result: yes
configure:5462: checking for setenv
configure:5462: gcc -o conftest  -O4   conftest.c  >&5
configure:5462: $? = 0
configure:5462: result: yes
configure:5476: checking for fork
configure:5476: gcc -o conftest  -O4   conftest.c  >&5
conftest.c:52:6: warning: conflicting types for built-in function 'fork'; expected 'int(void)' [-Wbuiltin-declaration-mismatch]
   52 | char fork ();
      |      ^~~~
configure:5476: $? = 0
configure:5476: result: yes
configure:5476: checking for vfork
configure:5476: gcc -o conftest  -O4   conftest.c  >&5
configure:5476: $? = 0
configure:5476: result: yes
configure:5489: checking for working fork
configure:5513: gcc -o conftest  -O4   conftest.c  >&5
configure:5513: $? = 0
configure:5513: ./conftest
configure:5513: $? = 0
configure:5524: result: yes
configure:5545: checking for working vfork
configure:5674: result: yes
configure:5706: checking for fseeko
configure:5706: gcc -o conftest  -O4   conftest.c  >&5
configure:5706: $? = 0
configure:5706: result: yes
configure:5715: checking for sigaction
configure:5715: gcc -o conftest  -O4   conftest.c  >&5
configure:5715: $? = 0
configure:5715: result: yes
configure:5724: checking for sigprocmask
configure:5724: gcc -o conftest  -O4   conftest.c  >&5
configure:5724: $? = 0
configure:5724: result: yes
configure:5734: checking if popcnt instruction is available and requested
configure:5754: gcc -o conftest  -O4   conftest.c  >&5
configure:5754: $? = 0
configure:5754: ./conftest
configure:5754: $? = 0
configure:5777: result: 1
configure:5828: checking if __builtin_popcount() is supported
configure:5834: gcc -o conftest  -O4 -mpopcnt   conftest.c  >&5
configure:5834: $? = 0
configure:5842: result: 1
configure:5844: checking if __builtin_popcountl() is supported
configure:5850: gcc -o conftest  -O4 -mpopcnt   conftest.c  >&5
configure:5850: $? = 0
configure:5858: result: 1
configure:5860: checking if __builtin_popcountll() is supported
configure:5866: gcc -o conftest  -O4 -mpopcnt   conftest.c  >&5
configure:5866: $? = 0
configure:5874: result: 1
configure:5907: checking if gcc supports -march=native
configure:5917: gcc -c  -O4 -march=native  conftest.c >&5
conftest.c: In function 'main':
conftest.c:41:76: warning: ignoring return value of 'scanf', declared with attribute warn_unused_result [-Wunused-result]
   41 |                                         int main() { double t; long int q; scanf("%ld",&q);
      |                                                                            ^~~~~~~~~~~~~~~
configure:5917: $? = 0
configure:5924: result: yes
configure:5973: checking if lzcnt instruction is available and requested
configure:5986: result: 1
configure:5992: checking if __builtin_clz() is supported
configure:5998: gcc -o conftest  -O4   conftest.c  >&5
configure:5998: $? = 0
configure:6006: result: 1
configure:6008: checking if __builtin_clzl() is supported
configure:6014: gcc -o conftest  -O4   conftest.c  >&5
configure:6014: $? = 0
configure:6022: result: 1
configure:6024: checking if __builtin_clzll() is supported
configure:6030: gcc -o conftest  -O4   conftest.c  >&5
configure:6030: $? = 0
configure:6038: result: 1
configure:6063: checking for getc_unlocked
configure:6063: gcc -o conftest  -O4   conftest.c  >&5
configure:6063: $? = 0
configure:6063: result: yes
configure:6071: checking for flockfile
configure:6071: gcc -o conftest  -O4   conftest.c  >&5
configure:6071: $? = 0
configure:6071: result: yes
configure:6088: checking for thread local storage (TLS) class
configure:6111: gcc -c  -O4  conftest.c >&5
conftest.c: In function 'main':
conftest.c:44:21: error: expected ';' before 'int'
   44 | static  thread_local  int bar;
      |                     ^ ~~~
      |                     ;
configure:6111: $? = 1
configure: failed program was:
| /* confdefs.h */
| #define PACKAGE_NAME ""
| #define PACKAGE_TARNAME ""
| #define PACKAGE_VERSION ""
| #define PACKAGE_STRING ""
| #define PACKAGE_BUGREPORT ""
| #define PACKAGE_URL ""
| #define HAVE_SYS_WAIT_H 1
| #define HAVE_STDIO_H 1
| #define HAVE_STDLIB_H 1
| #define HAVE_STRING_H 1
| #define HAVE_INTTYPES_H 1
| #define HAVE_STDINT_H 1
| #define HAVE_STRINGS_H 1
| #define HAVE_SYS_STAT_H 1
| #define HAVE_SYS_TYPES_H 1
| #define HAVE_UNISTD_H 1
| #define STDC_HEADERS 1
| #define HAVE_SIGNAL_H 1
| #define HAVE_STDDEF_H 1
| #define HAVE_UNISTD_H 1
| #define HAVE_SYS_TYPES_H 1
| #define HAVE_SYS_WAIT_H 1
| #define HAVE_STDLIB_H 1
| #define HAVE_STRING_H 1
| #define HAVE_ERRNO_H 1
| #define HAVE_LIMITS_H 1
| #define HAVE_STDINT_H 1
| #define SIZEOF_INT 4
| #define SIZEOF_LONG 8
| #define SIZEOF_LONG_LONG 8
| #define SIZEOF_VOIDP 8
| #define SIZEOF___INT128 16
| #define SIZEOF___INT128_T 16
| #define HAVE_FORK 1
| #define HAVE_VFORK 1
| #define HAVE_WORKING_VFORK 1
| #define HAVE_WORKING_FORK 1
| /* end confdefs.h.  */
| #include <stdlib.h>
| int
| main (void)
| {
| static  thread_local  int bar;
| 
|   ;
|   return 0;
| }
configure:6111: gcc -c  -O4  conftest.c >&5
configure:6111: $? = 0
configure:6125: result: _Thread_local
configure:6209: checking for gsort
configure:6244: result: no
configure:6209: checking for sort
configure:6230: found /usr/bin/sort
configure:6241: result: sort
configure:6255: checking if sort supports the -k switch
configure:6264: result: 1
configure:6271: checking for a race-free mkdir -p
configure:6315: result: /usr/bin/mkdir -p
configure:6333: checking for a BSD-compatible install
configure:6406: result: /usr/bin/install -c
configure:6562: creating ./config.status

## ---------------------- ##
## Running config.status. ##
## ---------------------- ##

This file was extended by config.status, which was
generated by GNU Autoconf 2.71.  Invocation command line was

  CONFIG_FILES    = 
  CONFIG_HEADERS  = 
  CONFIG_LINKS    = 
  CONFIG_COMMANDS = 
  $ ./config.status 

on melvin-OptiPlex-3050

config.status:798: creating makefile
config.status:798: creating nauty.h
config.status:798: creating naututil.h
config.status:798: creating gtools.h
config.status:798: creating nauty.pc

## ---------------- ##
## Cache variables. ##
## ---------------- ##

ac_cv_build=x86_64-pc-linux-gnu
ac_cv_c_compiler_gnu=yes
ac_cv_c_undeclared_builtin_options='none needed'
ac_cv_env_CC_set=
ac_cv_env_CC_value=
ac_cv_env_CFLAGS_set=
ac_cv_env_CFLAGS_value=
ac_cv_env_CPPFLAGS_set=
ac_cv_env_CPPFLAGS_value=
ac_cv_env_CPP_set=
ac_cv_env_CPP_value=
ac_cv_env_LDFLAGS_set=
ac_cv_env_LDFLAGS_value=
ac_cv_env_LIBS_set=
ac_cv_env_LIBS_value=
ac_cv_env_build_alias_set=
ac_cv_env_build_alias_value=
ac_cv_env_host_alias_set=
ac_cv_env_host_alias_value=
ac_cv_env_target_alias_set=
ac_cv_env_target_alias_value=
ac_cv_func_flockfile=yes
ac_cv_func_fork=yes
ac_cv_func_fork_works=yes
ac_cv_func_fseeko=yes
ac_cv_func_getc_unlocked=yes
ac_cv_func_getrusage=yes
ac_cv_func_gettimeofday=yes
ac_cv_func_isatty=yes
ac_cv_func_perror=yes
ac_cv_func_pipe=yes
ac_cv_func_popen=yes
ac_cv_func_putenv=yes
ac_cv_func_setenv=yes
ac_cv_func_sigaction=yes
ac_cv_func_sigprocmask=yes
ac_cv_func_time=yes
ac_cv_func_times=yes
ac_cv_func_vfork=yes
ac_cv_func_vfork_works=yes
ac_cv_func_wait=yes
ac_cv_have_decl_fdopen=yes
ac_cv_have_decl_ftell=yes
ac_cv_have_decl_malloc=yes
ac_cv_have_decl_popen=yes
ac_cv_have_decl_putenv=yes
ac_cv_have_decl_setenv=yes
ac_cv_header_errno_h=yes
ac_cv_header_inttypes_h=yes
ac_cv_header_limits_h=yes
ac_cv_header_signal_h=yes
ac_cv_header_stddef_h=yes
ac_cv_header_stdint_h=yes
ac_cv_header_stdio_h=yes
ac_cv_header_stdlib_h=yes
ac_cv_header_string_h=yes
ac_cv_header_strings_h=yes
ac_cv_header_sys_stat_h=yes
ac_cv_header_sys_types_h=yes
ac_cv_header_sys_wait_h=yes
ac_cv_header_unistd_h=yes
ac_cv_header_vfork_h=no
ac_cv_host=x86_64-pc-linux-gnu
ac_cv_native_ok=yes
ac_cv_objext=o
ac_cv_path_EGREP='/usr/bin/grep -E'
ac_cv_path_GREP=/usr/bin/grep
ac_cv_path_install='/usr/bin/install -c'
ac_cv_path_mkdir=/usr/bin/mkdir
ac_cv_prog_CPP='gcc -E'
ac_cv_prog_ac_ct_CC=gcc
ac_cv_prog_cc_c11=
ac_cv_prog_cc_g=yes
ac_cv_prog_cc_stdc=
ac_cv_prog_sort_prog=sort
ac_cv_sizeof___int128=16
ac_cv_sizeof___int128_t=16
ac_cv_sizeof_int=4
ac_cv_sizeof_long=8
ac_cv_sizeof_long_long=8
ac_cv_sizeof_voidp=8
ac_cv_sys_file_offset_bits=0
ac_cv_sys_largefile_CC=no
ac_cv_tls=_Thread_local
ac_cv_try_cflags_ok=yes
ac_cv_type_pid_t=yes

## ----------------- ##
## Output variables. ##
## ----------------- ##

CC='gcc'
CFLAGS=' -O4'
CPP='gcc -E'
CPPFLAGS=''
DEFS='-DPACKAGE_NAME=\"\" -DPACKAGE_TARNAME=\"\" -DPACKAGE_VERSION=\"\" -DPACKAGE_STRING=\"\" -DPACKAGE_BUGREPORT=\"\" -DPACKAGE_URL=\"\" -DHAVE_SYS_WAIT_H=1 -DHAVE_STDIO_H=1 -DHAVE_STDLIB_H=1 -DHAVE_STRING_H=1 -DHAVE_INTTYPES_H=1 -DHAVE_STDINT_H=1 -DHAVE_STRINGS_H=1 -DHAVE_SYS_STAT_H=1 -DHAVE_SYS_TYPES_H=1 -DHAVE_UNISTD_H=1 -DSTDC_HEADERS=1 -DHAVE_SIGNAL_H=1 -DHAVE_STDDEF_H=1 -DHAVE_UNISTD_H=1 -DHAVE_SYS_TYPES_H=1 -DHAVE_SYS_WAIT_H=1 -DHAVE_STDLIB_H=1 -DHAVE_STRING_H=1 -DHAVE_ERRNO_H=1 -DHAVE_LIMITS_H=1 -DHAVE_STDINT_H=1 -DSIZEOF_INT=4 -DSIZEOF_LONG=8 -DSIZEOF_LONG_LONG=8 -DSIZEOF_VOIDP=8 -DSIZEOF___INT128=16 -DSIZEOF___INT128_T=16 -DHAVE_FORK=1 -DHAVE_VFORK=1 -DHAVE_WORKING_VFORK=1 -DHAVE_WORKING_FORK=1 -DTLS=_Thread_local'
ECHO_C=''
ECHO_N='-n'
ECHO_T=''
EGREP='/usr/bin/grep -E'
EXEEXT=''
GREP='/usr/bin/grep'
INSTALL_DATA='${INSTALL} -m 644'
INSTALL_PROGRAM='${INSTALL}'
INSTALL_SCRIPT='${INSTALL}'
LDFLAGS=''
LIBOBJS=''
LIBS=''
LTLIBOBJS=''
MKDIR_P='/usr/bin/mkdir -p'
MORECFLAGS=' -mpopcnt -march=native'
OBJEXT='o'
PACKAGE_BUGREPORT=''
PACKAGE_NAME=''
PACKAGE_STRING=''
PACKAGE_TARNAME=''
PACKAGE_URL=''
PACKAGE_VERSION=''
PATH_SEPARATOR=':'
SHELL='/bin/bash'
ac_ct_CC='gcc'
ac_cv_sizeof___int128='16'
ac_cv_sizeof___int128_t='16'
ac_cv_sizeof_int='4'
ac_cv_sizeof_long='8'
ac_cv_sizeof_long_long='8'
ac_cv_sizeof_voidp='8'
ac_cv_sys_file_offset_bits='0'
ac_cv_tls='_Thread_local'
allow_interrupt='1'
bindir='${exec_prefix}/bin'
build='x86_64-pc-linux-gnu'
build_alias=''
build_cpu='x86_64'
build_os='linux-gnu'
build_vendor='pc'
datadir='${datarootdir}'
datarootdir='${prefix}/share'
default_wordsize='0'
docdir='${datarootdir}/doc/${PACKAGE}'
dvidir='${docdir}'
edit_msg='++++++ This file is automatically generated, don'\''t edit it by hand! ++++++'
exec_prefix='${prefix}'
fdopen_dec='1'
flex_array_ok='1'
ftell_dec='1'
has_math_inf='1'
have_ansicontrols='0'
have_clz='1'
have_clzl='1'
have_clzll='1'
have_fork='1'
have_fseeko='1'
have_getrusage='1'
have_gettimeofday='1'
have_hwlzcnt='1'
have_hwpopcnt='1'
have_isatty='1'
have_mmpop32='0'
have_mmpop64='0'
have_perror='1'
have_pid_t='1'
have_pipe='1'
have_popcnt='1'
have_popcntl='1'
have_popcntll='1'
have_popen='1'
have_putenv='1'
have_setenv='1'
have_sigaction='1'
have_sigprocmask='1'
have_time='1'
have_times='1'
have_wait='1'
header_errno_h='1'
header_limits_h='1'
header_signal_h='1'
header_stddef_h='1'
header_stdint_h='1'
header_stdlib_h='1'
header_string_h='1'
header_sys_types_h='1'
header_sys_wait_h='1'
header_unistd_h='1'
host='x86_64-pc-linux-gnu'
host_alias=''
host_cpu='x86_64'
host_os='linux-gnu'
host_vendor='pc'
htmldir='${docdir}'
includedir='${prefix}/include'
infodir='${datarootdir}/info'
libdir='${exec_prefix}/lib'
libexecdir='${exec_prefix}/libexec'
localedir='${datarootdir}/locale'
localstatedir='${prefix}/var'
lok='1'
malloc_dec='1'
mandir='${datarootdir}/man'
oldincludedir='/usr/include'
pdfdir='${docdir}'
popen_dec='1'
prefix='/usr/local'
program_transform_name='s,x,x,'
psdir='${docdir}'
putenv_dec='1'
runstatedir='${localstatedir}/run'
sbindir='${exec_prefix}/sbin'
setenv_dec='1'
sharedstatedir='${prefix}/com'
shortg_or_null='shortg'
sort_newparams_ok='1'
sort_prog='sort'
stdio_nolock='1'
sysconfdir='${prefix}/etc'
target_alias=''
testprogs='dreadtest dreadtestS dreadtestS1 dreadtest4K dreadtest1 dreadtestW dreadtestW1 dreadtestL1 dreadtestL'
tls_supported='1'
use_tls=''

## ----------- ##
## confdefs.h. ##
## ----------- ##

/* confdefs.h */
#define PACKAGE_NAME ""
#define PACKAGE_TARNAME ""
#define PACKAGE_VERSION ""
#define PACKAGE_STRING ""
#define PACKAGE_BUGREPORT ""
#define PACKAGE_URL ""
#define HAVE_SYS_WAIT_H 1
#define HAVE_STDIO_H 1
#define HAVE_STDLIB_H 1
#define HAVE_STRING_H 1
#define HAVE_INTTYPES_H 1
#define HAVE_STDINT_H 1
#define HAVE_STRINGS_H 1
#define HAVE_SYS_STAT_H 1
#define HAVE_SYS_TYPES_H 1
#define HAVE_UNISTD_H 1
#define STDC_HEADERS 1
#define HAVE_SIGNAL_H 1
#define HAVE_STDDEF_H 1
#define HAVE_UNISTD_H 1
#define HAVE_SYS_TYPES_H 1
#define HAVE_SYS_WAIT_H 1
#define HAVE_STDLIB_H 1
#define HAVE_STRING_H 1
#define HAVE_ERRNO_H 1
#define HAVE_LIMITS_H 1
#define HAVE_STDINT_H 1
#define SIZEOF_INT 4
#define SIZEOF_LONG 8
#define SIZEOF_LONG_LONG 8
#define SIZEOF_VOIDP 8
#define SIZEOF___INT128 16
#define SIZEOF___INT128_T 16
#define HAVE_FORK 1
#define HAVE_VFORK 1
#define HAVE_WORKING_VFORK 1
#define HAVE_WORKING_FORK 1
#define TLS _Thread_local

configure: exit 0
